# JRE version: OpenJDK Runtime Environment (8.0_265-b01) (build 1.8.0_265-8u265-b01-0ubuntu2~16.04-b01)
# Java VM: OpenJDK 64-Bit Server VM (25.265-b01 mixed mode linux-amd64 compressed oops)
Heap:
 def new generation   total 140800K, used 0K [0x00000000c0000000, 0x00000000c98c0000, 0x00000000d5550000)
  eden space 125184K,   0% used [0x00000000c0000000, 0x00000000c0000000, 0x00000000c7a40000)
  from space 15616K,   0% used [0x00000000c7a40000, 0x00000000c7a40000, 0x00000000c8980000)
  to   space 15616K,   0% used [0x00000000c8980000, 0x00000000c8980000, 0x00000000c98c0000)
 tenured generation   total 345444K, used 260283K [0x00000000d5550000, 0x00000000ea6a9000, 0x0000000100000000)
   the space 345444K,  75% used [0x00000000d5550000, 0x00000000e537eee0, 0x00000000e537f000, 0x00000000ea6a9000)
 Metaspace       used 83717K, capacity 85916K, committed 86232K, reserved 1124352K
  class space    used 11801K, capacity 12162K, committed 12248K, reserved 1048576K
GC Heap History (10 events):
Event: 64.251 GC heap after
Heap after GC invocations=305 (full 15):
 def new generation   total 140800K, used 6326K [0x00000000c0000000, 0x00000000c98c0000, 0x00000000d5550000)
  eden space 125184K,   0% used [0x00000000c0000000, 0x00000000c0000000, 0x00000000c7a40000)
  from space 15616K,  40% used [0x00000000c8980000, 0x00000000c8fad910, 0x00000000c98c0000)
  to   space 15616K,   0% used [0x00000000c7a40000, 0x00000000c7a40000, 0x00000000c8980000)
 tenured generation   total 312668K, used 273690K [0x00000000d5550000, 0x00000000e86a7000, 0x0000000100000000)
   the space 312668K,  87% used [0x00000000d5550000, 0x00000000e6096a08, 0x00000000e6096c00, 0x00000000e86a7000)
 Metaspace       used 83587K, capacity 85798K, committed 85976K, reserved 1122304K
  class space    used 11796K, capacity 12153K, committed 12248K, reserved 1048576K
}
Event: 64.601 GC heap before
{Heap before GC invocations=305 (full 15):
 def new generation   total 140800K, used 127926K [0x00000000c0000000, 0x00000000c98c0000, 0x00000000d5550000)
  eden space 125184K,  97% used [0x00000000c0000000, 0x00000000c76c0210, 0x00000000c7a40000)
  from space 15616K,  40% used [0x00000000c8980000, 0x00000000c8fad910, 0x00000000c98c0000)
  to   space 15616K,   0% used [0x00000000c7a40000, 0x00000000c7a40000, 0x00000000c8980000)
 tenured generation   total 312668K, used 273690K [0x00000000d5550000, 0x00000000e86a7000, 0x0000000100000000)
   the space 312668K,  87% used [0x00000000d5550000, 0x00000000e6096a08, 0x00000000e6096c00, 0x00000000e86a7000)
 Metaspace       used 83655K, capacity 85880K, committed 86232K, reserved 1124352K
  class space    used 11798K, capacity 12156K, committed 12248K, reserved 1048576K
Event: 64.615 GC heap after
Heap after GC invocations=306 (full 15):
 def new generation   total 140800K, used 7511K [0x00000000c0000000, 0x00000000c98c0000, 0x00000000d5550000)
  eden space 125184K,   0% used [0x00000000c0000000, 0x00000000c0000000, 0x00000000c7a40000)
  from space 15616K,  48% used [0x00000000c7a40000, 0x00000000c8195dc8, 0x00000000c8980000)
  to   space 15616K,   0% used [0x00000000c8980000, 0x00000000c8980000, 0x00000000c98c0000)
 tenured generation   total 312668K, used 273690K [0x00000000d5550000, 0x00000000e86a7000, 0x0000000100000000)
   the space 312668K,  87% used [0x00000000d5550000, 0x00000000e6096a08, 0x00000000e6096c00, 0x00000000e86a7000)
 Metaspace       used 83655K, capacity 85880K, committed 86232K, reserved 1124352K
  class space    used 11798K, capacity 12156K, committed 12248K, reserved 1048576K
}
Event: 65.245 GC heap before
{Heap before GC invocations=306 (full 15):
 def new generation   total 140800K, used 132695K [0x00000000c0000000, 0x00000000c98c0000, 0x00000000d5550000)
  eden space 125184K, 100% used [0x00000000c0000000, 0x00000000c7a40000, 0x00000000c7a40000)
  from space 15616K,  48% used [0x00000000c7a40000, 0x00000000c8195dc8, 0x00000000c8980000)
  to   space 15616K,   0% used [0x00000000c8980000, 0x00000000c8980000, 0x00000000c98c0000)
 tenured generation   total 312668K, used 273690K [0x00000000d5550000, 0x00000000e86a7000, 0x0000000100000000)
   the space 312668K,  87% used [0x00000000d5550000, 0x00000000e6096a08, 0x00000000e6096c00, 0x00000000e86a7000)
 Metaspace       used 83682K, capacity 85892K, committed 86232K, reserved 1124352K
  class space    used 11799K, capacity 12158K, committed 12248K, reserved 1048576K
Event: 65.252 GC heap after
Heap after GC invocations=307 (full 15):
 def new generation   total 140800K, used 4118K [0x00000000c0000000, 0x00000000c98c0000, 0x00000000d5550000)
  eden space 125184K,   0% used [0x00000000c0000000, 0x00000000c0000000, 0x00000000c7a40000)
  from space 15616K,  26% used [0x00000000c8980000, 0x00000000c8d85830, 0x00000000c98c0000)
  to   space 15616K,   0% used [0x00000000c7a40000, 0x00000000c7a40000, 0x00000000c8980000)
 tenured generation   total 312668K, used 273690K [0x00000000d5550000, 0x00000000e86a7000, 0x0000000100000000)
   the space 312668K,  87% used [0x00000000d5550000, 0x00000000e6096a08, 0x00000000e6096c00, 0x00000000e86a7000)
 Metaspace       used 83682K, capacity 85892K, committed 86232K, reserved 1124352K
  class space    used 11799K, capacity 12158K, committed 12248K, reserved 1048576K
}
Event: 65.519 GC heap before
{Heap before GC invocations=307 (full 15):
 def new generation   total 140800K, used 124589K [0x00000000c0000000, 0x00000000c98c0000, 0x00000000d5550000)
  eden space 125184K,  96% used [0x00000000c0000000, 0x00000000c75a5c30, 0x00000000c7a40000)
  from space 15616K,  26% used [0x00000000c8980000, 0x00000000c8d85830, 0x00000000c98c0000)
  to   space 15616K,   0% used [0x00000000c7a40000, 0x00000000c7a40000, 0x00000000c8980000)
 tenured generation   total 312668K, used 273690K [0x00000000d5550000, 0x00000000e86a7000, 0x0000000100000000)
   the space 312668K,  87% used [0x00000000d5550000, 0x00000000e6096a08, 0x00000000e6096c00, 0x00000000e86a7000)
 Metaspace       used 83710K, capacity 85910K, committed 86232K, reserved 1124352K
  class space    used 11801K, capacity 12161K, committed 12248K, reserved 1048576K
Event: 65.531 GC heap after
Heap after GC invocations=308 (full 15):
 def new generation   total 140800K, used 6589K [0x00000000c0000000, 0x00000000c98c0000, 0x00000000d5550000)
  eden space 125184K,   0% used [0x00000000c0000000, 0x00000000c0000000, 0x00000000c7a40000)
  from space 15616K,  42% used [0x00000000c7a40000, 0x00000000c80af408, 0x00000000c8980000)
  to   space 15616K,   0% used [0x00000000c8980000, 0x00000000c8980000, 0x00000000c98c0000)
 tenured generation   total 312668K, used 273690K [0x00000000d5550000, 0x00000000e86a7000, 0x0000000100000000)
   the space 312668K,  87% used [0x00000000d5550000, 0x00000000e6096a08, 0x00000000e6096c00, 0x00000000e86a7000)
 Metaspace       used 83710K, capacity 85910K, committed 86232K, reserved 1124352K
  class space    used 11801K, capacity 12161K, committed 12248K, reserved 1048576K
}
Event: 65.677 GC heap before
{Heap before GC invocations=308 (full 15):
 def new generation   total 140800K, used 121609K [0x00000000c0000000, 0x00000000c98c0000, 0x00000000d5550000)
  eden space 125184K,  91% used [0x00000000c0000000, 0x00000000c7053300, 0x00000000c7a40000)
  from space 15616K,  42% used [0x00000000c7a40000, 0x00000000c80af408, 0x00000000c8980000)
  to   space 15616K,   0% used [0x00000000c8980000, 0x00000000c8980000, 0x00000000c98c0000)
 tenured generation   total 312668K, used 273690K [0x00000000d5550000, 0x00000000e86a7000, 0x0000000100000000)
   the space 312668K,  87% used [0x00000000d5550000, 0x00000000e6096a08, 0x00000000e6096c00, 0x00000000e86a7000)
 Metaspace       used 83714K, capacity 85910K, committed 86232K, reserved 1124352K
  class space    used 11801K, capacity 12161K, committed 12248K, reserved 1048576K
Event: 65.694 GC heap after
Heap after GC invocations=309 (full 15):
 def new generation   total 140800K, used 9478K [0x00000000c0000000, 0x00000000c98c0000, 0x00000000d5550000)
  eden space 125184K,   0% used [0x00000000c0000000, 0x00000000c0000000, 0x00000000c7a40000)
  from space 15616K,  60% used [0x00000000c8980000, 0x00000000c92c18b8, 0x00000000c98c0000)
  to   space 15616K,   0% used [0x00000000c7a40000, 0x00000000c7a40000, 0x00000000c8980000)
 tenured generation   total 312668K, used 306458K [0x00000000d5550000, 0x00000000e86a7000, 0x0000000100000000)
   the space 312668K,  98% used [0x00000000d5550000, 0x00000000e8096a28, 0x00000000e8096c00, 0x00000000e86a7000)
 Metaspace       used 83714K, capacity 85910K, committed 86232K, reserved 1124352K
  class space    used 11801K, capacity 12161K, committed 12248K, reserved 1048576K
}
Event: 66.014 GC heap before
{Heap before GC invocations=309 (full 15):
 def new generation   total 140800K, used 134662K [0x00000000c0000000, 0x00000000c98c0000, 0x00000000d5550000)
  eden space 125184K, 100% used [0x00000000c0000000, 0x00000000c7a40000, 0x00000000c7a40000)
  from space 15616K,  60% used [0x00000000c8980000, 0x00000000c92c18b8, 0x00000000c98c0000)
  to   space 15616K,   0% used [0x00000000c7a40000, 0x00000000c7a40000, 0x00000000c8980000)
 tenured generation   total 312668K, used 306458K [0x00000000d5550000, 0x00000000e86a7000, 0x0000000100000000)
   the space 312668K,  98% used [0x00000000d5550000, 0x00000000e8096a28, 0x00000000e8096c00, 0x00000000e86a7000)
 Metaspace       used 83717K, capacity 85916K, committed 86232K, reserved 1124352K
  class space    used 11801K, capacity 12162K, committed 12248K, reserved 1048576K

